[1.554530e+05 1.821710e+05 0.000000e+00 0.000000e+00 1.197000e+03
 1.127410e+05 1.402000e+03 7.000000e+00 0.000000e+00 1.900000e+01
 9.420000e+02 0.000000e+00 0.000000e+00 0.000000e+00 0.000000e+00
 0.000000e+00 1.203300e+04 3.350000e+02 2.000000e+00 0.000000e+00
 1.006200e+04 9.787600e+04 1.057600e+04 4.100000e+01 0.000000e+00
 8.160000e+02 9.957000e+03 8.010000e+02 0.000000e+00 0.000000e+00
 0.000000e+00 0.000000e+00 0.000000e+00 0.000000e+00 0.000000e+00
 0.000000e+00 3.500000e+01 1.796500e+04 1.210000e+02 0.000000e+00
 0.000000e+00 2.400900e+04 6.959900e+04 4.159000e+03 0.000000e+00
 0.000000e+00 1.240000e+02 2.721000e+03 0.000000e+00 0.000000e+00
 0.000000e+00 0.000000e+00 0.000000e+00 1.000000e+00 0.000000e+00
 0.000000e+00 0.000000e+00 1.940000e+02 2.336400e+04 9.700000e+01
 0.000000e+00 0.000000e+00 9.476000e+03 1.307800e+04 7.587140e+05
 8.805400e+04 0.000000e+00 0.000000e+00 2.600000e+01 4.177500e+04
 1.970000e+02 0.000000e+00 0.000000e+00 0.000000e+00 1.840000e+02
 0.000000e+00 0.000000e+00 0.000000e+00 0.000000e+00 0.000000e+00
 2.282000e+04 1.500000e+02 0.000000e+00 0.000000e+00 8.955000e+03
 1.527740e+05 2.765000e+03 9.000000e+00 0.000000e+00 5.600000e+01
 2.845000e+03 7.600000e+02 0.000000e+00 0.000000e+00 0.000000e+00
 0.000000e+00 0.000000e+00 0.000000e+00 0.000000e+00 0.000000e+00
 2.000000e+00 2.253900e+04 0.000000e+00 0.000000e+00 0.000000e+00
 2.712640e+05 1.077047e+06 2.450000e+02 0.000000e+00 0.000000e+00
 5.000000e+00 1.310000e+02 0.000000e+00 0.000000e+00 0.000000e+00
 0.000000e+00 0.000000e+00 0.000000e+00 0.000000e+00 0.000000e+00
 0.000000e+00 1.070000e+02 2.576930e+05 0.000000e+00 0.000000e+00
 0.000000e+00 3.200200e+05 4.149300e+04]
